{"/Users/stephenjames/git/that-ga-thing/src/GA.spec.js":{"path":"/Users/stephenjames/git/that-ga-thing/src/GA.spec.js","s":{"1":1,"2":1,"3":1,"4":1},"b":{},"f":{"1":1,"2":1},"fnMap":{"1":{"name":"(anonymous_1)","line":1,"loc":{"start":{"line":1,"column":15},"end":{"line":1,"column":27}}},"2":{"name":"(anonymous_2)","line":2,"loc":{"start":{"line":2,"column":22},"end":{"line":2,"column":34}}}},"statementMap":{"1":{"start":{"line":1,"column":0},"end":{"line":6,"column":3}},"2":{"start":{"line":2,"column":4},"end":{"line":5,"column":7}},"3":{"start":{"line":3,"column":8},"end":{"line":3,"column":18}},"4":{"start":{"line":4,"column":8},"end":{"line":4,"column":35}}},"branchMap":{}},"/Users/stephenjames/git/that-ga-thing/src/example.js":{"path":"/Users/stephenjames/git/that-ga-thing/src/example.js","s":{},"b":{},"f":{},"fnMap":{},"statementMap":{},"branchMap":{}},"/Users/stephenjames/git/that-ga-thing/src/GA.js":{"path":"/Users/stephenjames/git/that-ga-thing/src/GA.js","s":{"1":0,"2":0,"3":0,"4":0,"5":0,"6":0,"7":0,"8":0,"9":0,"10":0,"11":0,"12":0,"13":0,"14":0,"15":0,"16":0,"17":0,"18":0,"19":0,"20":0,"21":0,"22":0,"23":0,"24":0,"25":0,"26":0,"27":0,"28":0,"29":0,"30":0,"31":0,"32":0,"33":0,"34":0,"35":0,"36":0,"37":0,"38":0,"39":0,"40":0,"41":0,"42":0},"b":{"1":[0,0],"2":[0,0]},"f":{"1":0,"2":0,"3":0,"4":0,"5":0,"6":0,"7":0,"8":0,"9":0,"10":0},"fnMap":{"1":{"name":"(anonymous_1)","line":8,"loc":{"start":{"line":8,"column":24},"end":{"line":8,"column":36}}},"2":{"name":"GA","line":10,"loc":{"start":{"line":10,"column":4},"end":{"line":10,"column":33}}},"3":{"name":"(anonymous_3)","line":27,"loc":{"start":{"line":27,"column":23},"end":{"line":27,"column":42}}},"4":{"name":"(anonymous_4)","line":31,"loc":{"start":{"line":31,"column":25},"end":{"line":31,"column":37}}},"5":{"name":"(anonymous_5)","line":37,"loc":{"start":{"line":37,"column":24},"end":{"line":37,"column":36}}},"6":{"name":"(anonymous_6)","line":39,"loc":{"start":{"line":39,"column":29},"end":{"line":39,"column":45}}},"7":{"name":"(anonymous_7)","line":44,"loc":{"start":{"line":44,"column":26},"end":{"line":44,"column":38}}},"8":{"name":"(anonymous_8)","line":49,"loc":{"start":{"line":49,"column":32},"end":{"line":49,"column":56}}},"9":{"name":"(anonymous_9)","line":69,"loc":{"start":{"line":69,"column":25},"end":{"line":69,"column":41}}},"10":{"name":"(anonymous_10)","line":73,"loc":{"start":{"line":73,"column":26},"end":{"line":73,"column":39}}}},"statementMap":{"1":{"start":{"line":2,"column":0},"end":{"line":2,"column":62}},"2":{"start":{"line":8,"column":0},"end":{"line":78,"column":5}},"3":{"start":{"line":10,"column":4},"end":{"line":25,"column":5}},"4":{"start":{"line":12,"column":8},"end":{"line":12,"column":25}},"5":{"start":{"line":14,"column":8},"end":{"line":14,"column":33}},"6":{"start":{"line":17,"column":8},"end":{"line":17,"column":33}},"7":{"start":{"line":20,"column":8},"end":{"line":20,"column":32}},"8":{"start":{"line":22,"column":8},"end":{"line":22,"column":29}},"9":{"start":{"line":23,"column":8},"end":{"line":23,"column":47}},"10":{"start":{"line":24,"column":8},"end":{"line":24,"column":21}},"11":{"start":{"line":27,"column":4},"end":{"line":29,"column":6}},"12":{"start":{"line":28,"column":8},"end":{"line":28,"column":38}},"13":{"start":{"line":31,"column":4},"end":{"line":35,"column":6}},"14":{"start":{"line":32,"column":8},"end":{"line":32,"column":29}},"15":{"start":{"line":33,"column":8},"end":{"line":33,"column":33}},"16":{"start":{"line":34,"column":8},"end":{"line":34,"column":25}},"17":{"start":{"line":37,"column":4},"end":{"line":42,"column":6}},"18":{"start":{"line":38,"column":8},"end":{"line":38,"column":25}},"19":{"start":{"line":39,"column":8},"end":{"line":41,"column":11}},"20":{"start":{"line":40,"column":12},"end":{"line":40,"column":71}},"21":{"start":{"line":44,"column":4},"end":{"line":67,"column":6}},"22":{"start":{"line":45,"column":8},"end":{"line":45,"column":32}},"23":{"start":{"line":46,"column":8},"end":{"line":46,"column":52}},"24":{"start":{"line":48,"column":8},"end":{"line":48,"column":26}},"25":{"start":{"line":49,"column":8},"end":{"line":51,"column":11}},"26":{"start":{"line":50,"column":12},"end":{"line":50,"column":82}},"27":{"start":{"line":53,"column":8},"end":{"line":53,"column":69}},"28":{"start":{"line":54,"column":8},"end":{"line":54,"column":83}},"29":{"start":{"line":56,"column":8},"end":{"line":58,"column":9}},"30":{"start":{"line":57,"column":12},"end":{"line":57,"column":167}},"31":{"start":{"line":60,"column":8},"end":{"line":60,"column":41}},"32":{"start":{"line":62,"column":8},"end":{"line":62,"column":20}},"33":{"start":{"line":64,"column":8},"end":{"line":64,"column":93}},"34":{"start":{"line":65,"column":8},"end":{"line":65,"column":74}},"35":{"start":{"line":66,"column":8},"end":{"line":66,"column":31}},"36":{"start":{"line":69,"column":4},"end":{"line":71,"column":6}},"37":{"start":{"line":70,"column":8},"end":{"line":70,"column":29}},"38":{"start":{"line":73,"column":4},"end":{"line":76,"column":6}},"39":{"start":{"line":74,"column":8},"end":{"line":74,"column":36}},"40":{"start":{"line":75,"column":8},"end":{"line":75,"column":17}},"41":{"start":{"line":77,"column":4},"end":{"line":77,"column":14}},"42":{"start":{"line":79,"column":0},"end":{"line":79,"column":16}}},"branchMap":{"1":{"line":64,"type":"cond-expr","locations":[{"start":{"line":64,"column":48},"end":{"line":64,"column":88}},{"start":{"line":64,"column":91},"end":{"line":64,"column":92}}]},"2":{"line":65,"type":"cond-expr","locations":[{"start":{"line":65,"column":48},"end":{"line":65,"column":66}},{"start":{"line":65,"column":69},"end":{"line":65,"column":73}}]}}},"/Users/stephenjames/git/that-ga-thing/src/GACitizen.js":{"path":"/Users/stephenjames/git/that-ga-thing/src/GACitizen.js","s":{"1":0},"b":{},"f":{},"fnMap":{},"statementMap":{"1":{"start":{"line":2,"column":0},"end":{"line":2,"column":62}}},"branchMap":{}},"/Users/stephenjames/git/that-ga-thing/src/index.js":{"path":"/Users/stephenjames/git/that-ga-thing/src/index.js","s":{"1":0,"2":0,"3":0,"4":0,"5":0,"6":0},"b":{"1":[0,0]},"f":{"1":0},"fnMap":{"1":{"name":"__export","line":2,"loc":{"start":{"line":2,"column":0},"end":{"line":2,"column":21}}}},"statementMap":{"1":{"start":{"line":2,"column":0},"end":{"line":4,"column":1}},"2":{"start":{"line":3,"column":4},"end":{"line":3,"column":71}},"3":{"start":{"line":3,"column":21},"end":{"line":3,"column":71}},"4":{"start":{"line":3,"column":53},"end":{"line":3,"column":71}},"5":{"start":{"line":5,"column":0},"end":{"line":5,"column":62}},"6":{"start":{"line":6,"column":0},"end":{"line":6,"column":26}}},"branchMap":{"1":{"line":3,"type":"if","locations":[{"start":{"line":3,"column":21},"end":{"line":3,"column":21}},{"start":{"line":3,"column":21},"end":{"line":3,"column":21}}]}}}}